
[08/25/2015 16:28:46] - Started processing
[08/25/2015 16:28:46] - Copied ACMP_Backup.bak
[08/25/2015 16:28:46] - Copied ACVS_Backup.bak
[08/25/2015 16:28:46] - Copied ICCIFP_Backup.bak
[08/25/2015 16:28:46] - Copied MDCB_Backup_Latest.bak
[08/25/2015 16:28:46] - Finished processing


[08/25/2015 16:28:55] - Started processing
[08/25/2015 16:28:55] - Copied ACMP_Backup.bak
[08/25/2015 16:28:55] - Copied ACVS_Backup.bak
[08/25/2015 16:28:55] - Copied ICCIFP_Backup.bak
[08/25/2015 16:28:55] - Copied MDCB_Backup_Latest.bak
[08/25/2015 16:28:55] - Finished processing


[08/25/2015 16:32:05] - Started processing
[08/25/2015 16:32:05] - Copied ACMP_Backup.bak
[08/25/2015 16:32:05] - Copied ACVS_Backup.bak
[08/25/2015 16:32:05] - Copied ICCIFP_Backup.bak
[08/25/2015 16:32:05] - Copied MDCB_Backup_Latest.bak
[08/25/2015 16:32:05] - Finished processing


[08/25/2015 16:32:52] - Started processing
[08/25/2015 16:32:53] - Copied ACMP_Backup.bak
[08/25/2015 16:32:53] - Copied ACVS_Backup.bak
[08/25/2015 16:32:53] - Copied ICCIFP_Backup.bak
[08/25/2015 16:32:53] - Copied MDCB_Backup_Latest.bak
[08/25/2015 16:32:53] - Finished processing


[08/25/2015 16:33:08] - Started processing
[08/25/2015 16:33:08] - Copied ACMP_Backup.bak
[08/25/2015 16:33:08] - Copied ACVS_Backup.bak
[08/25/2015 16:33:08] - Copied ICCIFP_Backup.bak
[08/25/2015 16:33:08] - Copied MDCB_Backup_Latest.bak
[08/25/2015 16:33:08] - Finished processing


[08/25/2015 16:33:09] - Started processing
[08/25/2015 16:33:09] - Copied ACMP_Backup.bak
[08/25/2015 16:33:09] - Copied ACVS_Backup.bak
[08/25/2015 16:33:09] - Copied ICCIFP_Backup.bak
[08/25/2015 16:33:09] - Copied MDCB_Backup_Latest.bak
[08/25/2015 16:33:09] - Finished processing


[08/25/2015 16:33:11] - Started processing
[08/25/2015 16:33:11] - Copied ACMP_Backup.bak
[08/25/2015 16:33:11] - Copied ACVS_Backup.bak
[08/25/2015 16:33:11] - Copied ICCIFP_Backup.bak
[08/25/2015 16:33:11] - Copied MDCB_Backup_Latest.bak
[08/25/2015 16:33:11] - Finished processing


[08/25/2015 16:33:12] - Started processing
[08/25/2015 16:33:12] - Copied ACMP_Backup.bak
[08/25/2015 16:33:12] - Copied ACVS_Backup.bak
[08/25/2015 16:33:12] - Copied ICCIFP_Backup.bak
[08/25/2015 16:33:12] - Copied MDCB_Backup_Latest.bak
[08/25/2015 16:33:12] - Finished processing


[08/25/2015 16:33:13] - Started processing
[08/25/2015 16:33:13] - Copied ACMP_Backup.bak
[08/25/2015 16:33:13] - Copied ACVS_Backup.bak
[08/25/2015 16:33:13] - Copied ICCIFP_Backup.bak
[08/25/2015 16:33:13] - Copied MDCB_Backup_Latest.bak
[08/25/2015 16:33:13] - Finished processing


[08/25/2015 16:34:45] - Started processing
[08/25/2015 16:34:45] - Copied ACMP_Backup.bak
[08/25/2015 16:34:45] - Copied ACVS_Backup.bak
[08/25/2015 16:34:45] - Copied ICCIFP_Backup.bak
[08/25/2015 16:34:45] - Copied MDCB_Backup_Latest.bak
[08/25/2015 16:34:45] - Finished processing


[08/25/2015 16:35:34] - Started processing
[08/25/2015 16:35:35] - Copied ACMP_Backup.bak
[08/25/2015 16:35:35] - Copied ACVS_Backup.bak
[08/25/2015 16:35:35] - Copied ICCIFP_Backup.bak
[08/25/2015 16:35:35] - Copied MDCB_Backup_Latest.bak
[08/25/2015 16:35:35] - Finished processing


[08/25/2015 16:39:12] - Started processing
[08/25/2015 16:39:12] - Copied ACMP_Backup.bak
[08/25/2015 16:39:12] - Copied ACVS_Backup.bak
[08/25/2015 16:39:12] - Copied ICCIFP_Backup.bak
[08/25/2015 16:39:12] - Copied MDCB_Backup_Latest.bak
[08/25/2015 16:39:12] - Finished processing


[08/25/2015 16:40:01] - Started processing
[08/25/2015 16:40:01] - Copied ACMP_Backup.bak
[08/25/2015 16:40:01] - Copied ACVS_Backup.bak
[08/25/2015 16:40:01] - Copied ICCIFP_Backup.bak
[08/25/2015 16:40:01] - Copied MDCB_Backup_Latest.bak
[08/25/2015 16:40:01] - Finished processing

